[26.12.2023 21:09:48] Failed to load configuration from file.
java.io.FileNotFoundException: smartguard\config.properties (Системе не удается найти указанный путь)
	at java.io.FileInputStream.open0(Native Method)
	at java.io.FileInputStream.open(Unknown Source)
	at java.io.FileInputStream.<init>(Unknown Source)
	at java.io.FileInputStream.<init>(Unknown Source)
	at smartguard.core.properties.PropertiesLoader.load(PropertiesLoader.java:49)
	at smartguard.core.SmartGuardService.init(SmartGuardService.java:110)
	at smartguard.core.SmartGuardService.init(SmartGuardService.java:91)
	at ru.agecold.gameserver.network.smartguard.SmartGuard.load(SmartGuard.java:62)
	at ru.agecold.gameserver.GameServer.<init>(GameServer.java:491)
	at ru.agecold.gameserver.GameServer.main(GameServer.java:544)

[14.04.2024 17:43:41] java.io.FileNotFoundException: .\smartguard\config.properties (Не удается найти указанный файл)
	at java.base/java.io.FileInputStream.open0(Native Method)
	at java.base/java.io.FileInputStream.open(FileInputStream.java:219)
	at java.base/java.io.FileInputStream.<init>(FileInputStream.java:157)
	at ru.akumu.smartguard.core.GuardConfig.load(Unknown Source)
	at ru.akumu.smartguard.core.GuardConfig.<clinit>(Unknown Source)
	at ru.agecold.gameserver.instancemanager.SmartScreenTextManager.<clinit>(SmartScreenTextManager.java:23)
	at ru.agecold.gameserver.GameServer.<init>(GameServer.java:455)
	at ru.agecold.gameserver.GameServer.main(GameServer.java:551)

[14.04.2024 17:43:41] java.io.FileNotFoundException: C:\Users\melni\OneDrive\Рабочий стол\L2Areas2\la2-ares.pw\last_la2ares_backup\server\ares-backup\ares\gameserver\.\smartguard\d3dx_custom.xml (Не удается найти указанный файл)
	at java.base/java.io.FileInputStream.open0(Native Method)
	at java.base/java.io.FileInputStream.open(FileInputStream.java:219)
	at java.base/java.io.FileInputStream.<init>(FileInputStream.java:157)
	at java.base/java.io.FileInputStream.<init>(FileInputStream.java:112)
	at java.base/sun.net.www.protocol.file.FileURLConnection.connect(FileURLConnection.java:86)
	at java.base/sun.net.www.protocol.file.FileURLConnection.getInputStream(FileURLConnection.java:184)
	at java.xml/com.sun.org.apache.xerces.internal.impl.XMLEntityManager.setupCurrentEntity(XMLEntityManager.java:652)
	at java.xml/com.sun.org.apache.xerces.internal.impl.XMLVersionDetector.determineDocVersion(XMLVersionDetector.java:150)
	at java.xml/com.sun.org.apache.xerces.internal.parsers.XML11Configuration.parse(XML11Configuration.java:860)
	at java.xml/com.sun.org.apache.xerces.internal.parsers.XML11Configuration.parse(XML11Configuration.java:824)
	at java.xml/com.sun.org.apache.xerces.internal.parsers.XMLParser.parse(XMLParser.java:141)
	at java.xml/com.sun.org.apache.xerces.internal.parsers.DOMParser.parse(DOMParser.java:246)
	at java.xml/com.sun.org.apache.xerces.internal.jaxp.DocumentBuilderImpl.parse(DocumentBuilderImpl.java:339)
	at java.xml/javax.xml.parsers.DocumentBuilder.parse(DocumentBuilder.java:206)
	at ru.agecold.gameserver.instancemanager.SmartScreenTextManager.load(SmartScreenTextManager.java:63)
	at ru.agecold.gameserver.instancemanager.SmartScreenTextManager.init(SmartScreenTextManager.java:48)
	at ru.agecold.gameserver.GameServer.<init>(GameServer.java:455)
	at ru.agecold.gameserver.GameServer.main(GameServer.java:551)

[14.04.2024 17:44:37] java.io.FileNotFoundException: .\smartguard\config.properties (Не удается найти указанный файл)
	at java.base/java.io.FileInputStream.open0(Native Method)
	at java.base/java.io.FileInputStream.open(FileInputStream.java:216)
	at java.base/java.io.FileInputStream.<init>(FileInputStream.java:157)
	at ru.akumu.smartguard.core.GuardConfig.load(Unknown Source)
	at ru.akumu.smartguard.core.GuardConfig.<clinit>(Unknown Source)
	at ru.agecold.gameserver.instancemanager.SmartScreenTextManager.<clinit>(SmartScreenTextManager.java:23)
	at ru.agecold.gameserver.GameServer.<init>(GameServer.java:455)
	at ru.agecold.gameserver.GameServer.main(GameServer.java:551)

[14.04.2024 17:44:37] java.io.FileNotFoundException: C:\Users\melni\OneDrive\Рабочий стол\L2Areas2\la2-ares.pw\last_la2ares_backup\server\ares-backup\ares\gameserver\.\smartguard\d3dx_custom.xml (Не удается найти указанный файл)
	at java.base/java.io.FileInputStream.open0(Native Method)
	at java.base/java.io.FileInputStream.open(FileInputStream.java:216)
	at java.base/java.io.FileInputStream.<init>(FileInputStream.java:157)
	at java.base/java.io.FileInputStream.<init>(FileInputStream.java:111)
	at java.base/sun.net.www.protocol.file.FileURLConnection.connect(FileURLConnection.java:86)
	at java.base/sun.net.www.protocol.file.FileURLConnection.getInputStream(FileURLConnection.java:189)
	at java.xml/com.sun.org.apache.xerces.internal.impl.XMLEntityManager.setupCurrentEntity(XMLEntityManager.java:653)
	at java.xml/com.sun.org.apache.xerces.internal.impl.XMLVersionDetector.determineDocVersion(XMLVersionDetector.java:150)
	at java.xml/com.sun.org.apache.xerces.internal.parsers.XML11Configuration.parse(XML11Configuration.java:861)
	at java.xml/com.sun.org.apache.xerces.internal.parsers.XML11Configuration.parse(XML11Configuration.java:825)
	at java.xml/com.sun.org.apache.xerces.internal.parsers.XMLParser.parse(XMLParser.java:141)
	at java.xml/com.sun.org.apache.xerces.internal.parsers.DOMParser.parse(DOMParser.java:247)
	at java.xml/com.sun.org.apache.xerces.internal.jaxp.DocumentBuilderImpl.parse(DocumentBuilderImpl.java:342)
	at java.xml/javax.xml.parsers.DocumentBuilder.parse(DocumentBuilder.java:206)
	at ru.agecold.gameserver.instancemanager.SmartScreenTextManager.load(SmartScreenTextManager.java:63)
	at ru.agecold.gameserver.instancemanager.SmartScreenTextManager.init(SmartScreenTextManager.java:48)
	at ru.agecold.gameserver.GameServer.<init>(GameServer.java:455)
	at ru.agecold.gameserver.GameServer.main(GameServer.java:551)

[14.04.2024 17:45:31] java.io.FileNotFoundException: .\smartguard\config.properties (Не удается найти указанный файл)
	at java.io.FileInputStream.open0(Native Method)
	at java.io.FileInputStream.open(FileInputStream.java:195)
	at java.io.FileInputStream.<init>(FileInputStream.java:138)
	at ru.akumu.smartguard.core.GuardConfig.load(Unknown Source)
	at ru.akumu.smartguard.core.GuardConfig.<clinit>(Unknown Source)
	at ru.agecold.gameserver.instancemanager.SmartScreenTextManager.<clinit>(SmartScreenTextManager.java:23)
	at ru.agecold.gameserver.GameServer.<init>(GameServer.java:455)
	at ru.agecold.gameserver.GameServer.main(GameServer.java:551)

[14.04.2024 17:45:31] java.io.FileNotFoundException: C:\Users\melni\OneDrive\Рабочий стол\L2Areas2\la2-ares.pw\last_la2ares_backup\server\ares-backup\ares\gameserver\.\smartguard\d3dx_custom.xml (Не удается найти указанный файл)
	at java.io.FileInputStream.open0(Native Method)
	at java.io.FileInputStream.open(FileInputStream.java:195)
	at java.io.FileInputStream.<init>(FileInputStream.java:138)
	at java.io.FileInputStream.<init>(FileInputStream.java:93)
	at sun.net.www.protocol.file.FileURLConnection.connect(FileURLConnection.java:90)
	at sun.net.www.protocol.file.FileURLConnection.getInputStream(FileURLConnection.java:188)
	at com.sun.org.apache.xerces.internal.impl.XMLEntityManager.setupCurrentEntity(XMLEntityManager.java:623)
	at com.sun.org.apache.xerces.internal.impl.XMLVersionDetector.determineDocVersion(XMLVersionDetector.java:148)
	at com.sun.org.apache.xerces.internal.parsers.XML11Configuration.parse(XML11Configuration.java:806)
	at com.sun.org.apache.xerces.internal.parsers.XML11Configuration.parse(XML11Configuration.java:771)
	at com.sun.org.apache.xerces.internal.parsers.XMLParser.parse(XMLParser.java:141)
	at com.sun.org.apache.xerces.internal.parsers.DOMParser.parse(DOMParser.java:243)
	at com.sun.org.apache.xerces.internal.jaxp.DocumentBuilderImpl.parse(DocumentBuilderImpl.java:339)
	at javax.xml.parsers.DocumentBuilder.parse(DocumentBuilder.java:205)
	at ru.agecold.gameserver.instancemanager.SmartScreenTextManager.load(SmartScreenTextManager.java:63)
	at ru.agecold.gameserver.instancemanager.SmartScreenTextManager.init(SmartScreenTextManager.java:48)
	at ru.agecold.gameserver.GameServer.<init>(GameServer.java:455)
	at ru.agecold.gameserver.GameServer.main(GameServer.java:551)

[14.04.2024 17:46:58] java.io.FileNotFoundException: .\smartguard\config.properties (Не удается найти указанный файл)
	at java.io.FileInputStream.open0(Native Method)
	at java.io.FileInputStream.open(FileInputStream.java:195)
	at java.io.FileInputStream.<init>(FileInputStream.java:138)
	at ru.akumu.smartguard.core.GuardConfig.load(Unknown Source)
	at ru.akumu.smartguard.core.GuardConfig.<clinit>(Unknown Source)
	at ru.agecold.gameserver.instancemanager.SmartScreenTextManager.<clinit>(SmartScreenTextManager.java:23)
	at ru.agecold.gameserver.GameServer.<init>(GameServer.java:455)
	at ru.agecold.gameserver.GameServer.main(GameServer.java:551)

[14.04.2024 17:46:58] java.io.FileNotFoundException: C:\Users\melni\OneDrive\Рабочий стол\L2Areas2\la2-ares.pw\last_la2ares_backup\server\ares-backup\ares\gameserver\.\smartguard\d3dx_custom.xml (Не удается найти указанный файл)
	at java.io.FileInputStream.open0(Native Method)
	at java.io.FileInputStream.open(FileInputStream.java:195)
	at java.io.FileInputStream.<init>(FileInputStream.java:138)
	at java.io.FileInputStream.<init>(FileInputStream.java:93)
	at sun.net.www.protocol.file.FileURLConnection.connect(FileURLConnection.java:90)
	at sun.net.www.protocol.file.FileURLConnection.getInputStream(FileURLConnection.java:188)
	at com.sun.org.apache.xerces.internal.impl.XMLEntityManager.setupCurrentEntity(XMLEntityManager.java:624)
	at com.sun.org.apache.xerces.internal.impl.XMLVersionDetector.determineDocVersion(XMLVersionDetector.java:148)
	at com.sun.org.apache.xerces.internal.parsers.XML11Configuration.parse(XML11Configuration.java:805)
	at com.sun.org.apache.xerces.internal.parsers.XML11Configuration.parse(XML11Configuration.java:770)
	at com.sun.org.apache.xerces.internal.parsers.XMLParser.parse(XMLParser.java:141)
	at com.sun.org.apache.xerces.internal.parsers.DOMParser.parse(DOMParser.java:243)
	at com.sun.org.apache.xerces.internal.jaxp.DocumentBuilderImpl.parse(DocumentBuilderImpl.java:338)
	at javax.xml.parsers.DocumentBuilder.parse(DocumentBuilder.java:205)
	at ru.agecold.gameserver.instancemanager.SmartScreenTextManager.load(SmartScreenTextManager.java:63)
	at ru.agecold.gameserver.instancemanager.SmartScreenTextManager.init(SmartScreenTextManager.java:48)
	at ru.agecold.gameserver.GameServer.<init>(GameServer.java:455)
	at ru.agecold.gameserver.GameServer.main(GameServer.java:551)

[14.04.2024 17:48:23] java.io.FileNotFoundException: .\smartguard\config.properties (Не удается найти указанный файл)
	at java.base/java.io.FileInputStream.open0(Native Method)
	at java.base/java.io.FileInputStream.open(FileInputStream.java:219)
	at java.base/java.io.FileInputStream.<init>(FileInputStream.java:158)
	at ru.akumu.smartguard.core.GuardConfig.load(Unknown Source)
	at ru.akumu.smartguard.core.GuardConfig.<clinit>(Unknown Source)
	at ru.agecold.gameserver.instancemanager.SmartScreenTextManager.<clinit>(SmartScreenTextManager.java:23)
	at ru.agecold.gameserver.GameServer.<init>(GameServer.java:455)
	at ru.agecold.gameserver.GameServer.main(GameServer.java:551)

[14.04.2024 17:48:23] java.io.FileNotFoundException: C:\Users\melni\OneDrive\Рабочий стол\L2Areas2\la2-ares.pw\last_la2ares_backup\server\ares-backup\ares\gameserver\.\smartguard\d3dx_custom.xml (Не удается найти указанный файл)
	at java.base/java.io.FileInputStream.open0(Native Method)
	at java.base/java.io.FileInputStream.open(FileInputStream.java:219)
	at java.base/java.io.FileInputStream.<init>(FileInputStream.java:158)
	at java.base/java.io.FileInputStream.<init>(FileInputStream.java:112)
	at java.base/sun.net.www.protocol.file.FileURLConnection.connect(FileURLConnection.java:84)
	at java.base/sun.net.www.protocol.file.FileURLConnection.getInputStream(FileURLConnection.java:180)
	at java.xml/com.sun.org.apache.xerces.internal.impl.XMLEntityManager.setupCurrentEntity(XMLEntityManager.java:654)
	at java.xml/com.sun.org.apache.xerces.internal.impl.XMLVersionDetector.determineDocVersion(XMLVersionDetector.java:150)
	at java.xml/com.sun.org.apache.xerces.internal.parsers.XML11Configuration.parse(XML11Configuration.java:861)
	at java.xml/com.sun.org.apache.xerces.internal.parsers.XML11Configuration.parse(XML11Configuration.java:825)
	at java.xml/com.sun.org.apache.xerces.internal.parsers.XMLParser.parse(XMLParser.java:141)
	at java.xml/com.sun.org.apache.xerces.internal.parsers.DOMParser.parse(DOMParser.java:247)
	at java.xml/com.sun.org.apache.xerces.internal.jaxp.DocumentBuilderImpl.parse(DocumentBuilderImpl.java:342)
	at java.xml/javax.xml.parsers.DocumentBuilder.parse(DocumentBuilder.java:206)
	at ru.agecold.gameserver.instancemanager.SmartScreenTextManager.load(SmartScreenTextManager.java:63)
	at ru.agecold.gameserver.instancemanager.SmartScreenTextManager.init(SmartScreenTextManager.java:48)
	at ru.agecold.gameserver.GameServer.<init>(GameServer.java:455)
	at ru.agecold.gameserver.GameServer.main(GameServer.java:551)

[14.04.2024 18:01:58] java.io.FileNotFoundException: .\smartguard\config.properties (Не удается найти указанный файл)
	at java.base/java.io.FileInputStream.open0(Native Method)
	at java.base/java.io.FileInputStream.open(FileInputStream.java:219)
	at java.base/java.io.FileInputStream.<init>(FileInputStream.java:158)
	at ru.akumu.smartguard.core.GuardConfig.load(Unknown Source)
	at ru.akumu.smartguard.core.GuardConfig.<clinit>(Unknown Source)
	at ru.agecold.gameserver.instancemanager.SmartScreenTextManager.<clinit>(SmartScreenTextManager.java:23)
	at ru.agecold.gameserver.GameServer.<init>(GameServer.java:455)
	at ru.agecold.gameserver.GameServer.main(GameServer.java:551)

[14.04.2024 18:01:58] java.io.FileNotFoundException: C:\Users\melni\OneDrive\Рабочий стол\L2Areas2\la2-ares.pw\last_la2ares_backup\server\ares-backup\ares\gameserver\.\smartguard\d3dx_custom.xml (Не удается найти указанный файл)
	at java.base/java.io.FileInputStream.open0(Native Method)
	at java.base/java.io.FileInputStream.open(FileInputStream.java:219)
	at java.base/java.io.FileInputStream.<init>(FileInputStream.java:158)
	at java.base/java.io.FileInputStream.<init>(FileInputStream.java:112)
	at java.base/sun.net.www.protocol.file.FileURLConnection.connect(FileURLConnection.java:84)
	at java.base/sun.net.www.protocol.file.FileURLConnection.getInputStream(FileURLConnection.java:180)
	at java.xml/com.sun.org.apache.xerces.internal.impl.XMLEntityManager.setupCurrentEntity(XMLEntityManager.java:654)
	at java.xml/com.sun.org.apache.xerces.internal.impl.XMLVersionDetector.determineDocVersion(XMLVersionDetector.java:150)
	at java.xml/com.sun.org.apache.xerces.internal.parsers.XML11Configuration.parse(XML11Configuration.java:861)
	at java.xml/com.sun.org.apache.xerces.internal.parsers.XML11Configuration.parse(XML11Configuration.java:825)
	at java.xml/com.sun.org.apache.xerces.internal.parsers.XMLParser.parse(XMLParser.java:141)
	at java.xml/com.sun.org.apache.xerces.internal.parsers.DOMParser.parse(DOMParser.java:247)
	at java.xml/com.sun.org.apache.xerces.internal.jaxp.DocumentBuilderImpl.parse(DocumentBuilderImpl.java:342)
	at java.xml/javax.xml.parsers.DocumentBuilder.parse(DocumentBuilder.java:206)
	at ru.agecold.gameserver.instancemanager.SmartScreenTextManager.load(SmartScreenTextManager.java:63)
	at ru.agecold.gameserver.instancemanager.SmartScreenTextManager.init(SmartScreenTextManager.java:48)
	at ru.agecold.gameserver.GameServer.<init>(GameServer.java:455)
	at ru.agecold.gameserver.GameServer.main(GameServer.java:551)

[14.04.2024 18:11:37] java.io.FileNotFoundException: .\smartguard\config.properties (Не удается найти указанный файл)
	at java.base/java.io.FileInputStream.open0(Native Method)
	at java.base/java.io.FileInputStream.open(FileInputStream.java:219)
	at java.base/java.io.FileInputStream.<init>(FileInputStream.java:158)
	at ru.akumu.smartguard.core.GuardConfig.load(Unknown Source)
	at ru.akumu.smartguard.core.GuardConfig.<clinit>(Unknown Source)
	at ru.agecold.gameserver.instancemanager.SmartScreenTextManager.<clinit>(SmartScreenTextManager.java:23)
	at ru.agecold.gameserver.GameServer.<init>(GameServer.java:455)
	at ru.agecold.gameserver.GameServer.main(GameServer.java:551)

[14.04.2024 18:11:37] java.io.FileNotFoundException: C:\Users\melni\OneDrive\Рабочий стол\L2Areas2\la2-ares.pw\last_la2ares_backup\server\ares-backup\ares\gameserver\.\smartguard\d3dx_custom.xml (Не удается найти указанный файл)
	at java.base/java.io.FileInputStream.open0(Native Method)
	at java.base/java.io.FileInputStream.open(FileInputStream.java:219)
	at java.base/java.io.FileInputStream.<init>(FileInputStream.java:158)
	at java.base/java.io.FileInputStream.<init>(FileInputStream.java:112)
	at java.base/sun.net.www.protocol.file.FileURLConnection.connect(FileURLConnection.java:84)
	at java.base/sun.net.www.protocol.file.FileURLConnection.getInputStream(FileURLConnection.java:180)
	at java.xml/com.sun.org.apache.xerces.internal.impl.XMLEntityManager.setupCurrentEntity(XMLEntityManager.java:654)
	at java.xml/com.sun.org.apache.xerces.internal.impl.XMLVersionDetector.determineDocVersion(XMLVersionDetector.java:150)
	at java.xml/com.sun.org.apache.xerces.internal.parsers.XML11Configuration.parse(XML11Configuration.java:861)
	at java.xml/com.sun.org.apache.xerces.internal.parsers.XML11Configuration.parse(XML11Configuration.java:825)
	at java.xml/com.sun.org.apache.xerces.internal.parsers.XMLParser.parse(XMLParser.java:141)
	at java.xml/com.sun.org.apache.xerces.internal.parsers.DOMParser.parse(DOMParser.java:247)
	at java.xml/com.sun.org.apache.xerces.internal.jaxp.DocumentBuilderImpl.parse(DocumentBuilderImpl.java:342)
	at java.xml/javax.xml.parsers.DocumentBuilder.parse(DocumentBuilder.java:206)
	at ru.agecold.gameserver.instancemanager.SmartScreenTextManager.load(SmartScreenTextManager.java:63)
	at ru.agecold.gameserver.instancemanager.SmartScreenTextManager.init(SmartScreenTextManager.java:48)
	at ru.agecold.gameserver.GameServer.<init>(GameServer.java:455)
	at ru.agecold.gameserver.GameServer.main(GameServer.java:551)

